[debug] [2026-02-22T16:22:17.412Z] ----------------------------------------------------------------------
[debug] [2026-02-22T16:22:17.425Z] Command:       C:\Program Files\nodejs\node.exe C:\Users\METE\AppData\Roaming\npm\node_modules\firebase-tools\lib\bin\firebase.js deploy
[debug] [2026-02-22T16:22:17.426Z] CLI Version:   15.6.0
[debug] [2026-02-22T16:22:17.426Z] Platform:      win32
[debug] [2026-02-22T16:22:17.427Z] Node Version:  v24.13.0
[debug] [2026-02-22T16:22:17.427Z] Time:          Sun Feb 22 2026 19:22:17 GMT+0300 (GMT+03:00)
[debug] [2026-02-22T16:22:17.428Z] ----------------------------------------------------------------------
[debug] 
[debug] [2026-02-22T16:22:17.435Z] >>> [apiv2][query] GET https://firebase-public.firebaseio.com/cli.json [none]
[debug] [2026-02-22T16:22:26.438Z] > command requires scopes: ["email","openid","https://www.googleapis.com/auth/cloudplatformprojects.readonly","https://www.googleapis.com/auth/firebase","https://www.googleapis.com/auth/cloud-platform"]
[debug] [2026-02-22T16:22:26.439Z] > authorizing via signed-in user (ahmetmit34@gmail.com)
[debug] [2026-02-22T16:22:26.439Z] [iam] checking project finance-20364 for permissions ["firebase.projects.get","firebasehosting.sites.update"]
[debug] [2026-02-22T16:22:26.441Z] Checked if tokens are valid: false, expires at: 1771190232045
[debug] [2026-02-22T16:22:26.442Z] Checked if tokens are valid: false, expires at: 1771190232045
[debug] [2026-02-22T16:22:26.442Z] > refreshing access token with scopes: []
[debug] [2026-02-22T16:22:26.445Z] >>> [apiv2][query] POST https://www.googleapis.com/oauth2/v3/token [none]
[debug] [2026-02-22T16:22:26.445Z] >>> [apiv2][body] POST https://www.googleapis.com/oauth2/v3/token [omitted]
[debug] [2026-02-22T16:22:26.799Z] <<< [apiv2][status] POST https://www.googleapis.com/oauth2/v3/token 200
[debug] [2026-02-22T16:22:26.800Z] <<< [apiv2][body] POST https://www.googleapis.com/oauth2/v3/token [omitted]
[debug] [2026-02-22T16:22:26.817Z] >>> [apiv2][query] POST https://cloudresourcemanager.googleapis.com/v1/projects/finance-20364:testIamPermissions [none]
[debug] [2026-02-22T16:22:26.818Z] >>> [apiv2][(partial)header] POST https://cloudresourcemanager.googleapis.com/v1/projects/finance-20364:testIamPermissions  x-goog-user-project=finance-20364
[debug] [2026-02-22T16:22:26.818Z] >>> [apiv2][body] POST https://cloudresourcemanager.googleapis.com/v1/projects/finance-20364:testIamPermissions {"permissions":["firebase.projects.get","firebasehosting.sites.update"]}
[debug] [2026-02-22T16:22:26.977Z] <<< [apiv2][status] GET https://firebase-public.firebaseio.com/cli.json 200
[debug] [2026-02-22T16:22:26.978Z] <<< [apiv2][body] GET https://firebase-public.firebaseio.com/cli.json {"cloudBuildErrorAfter":1594252800000,"cloudBuildWarnAfter":1590019200000,"defaultNode10After":1594252800000,"minVersion":"3.0.5","node8DeploysDisabledAfter":1613390400000,"node8RuntimeDisabledAfter":1615809600000,"node8WarnAfter":1600128000000}
[debug] [2026-02-22T16:22:27.904Z] <<< [apiv2][status] POST https://cloudresourcemanager.googleapis.com/v1/projects/finance-20364:testIamPermissions 200
[debug] [2026-02-22T16:22:27.904Z] <<< [apiv2][body] POST https://cloudresourcemanager.googleapis.com/v1/projects/finance-20364:testIamPermissions {"permissions":["firebase.projects.get","firebasehosting.sites.update"]}
[debug] [2026-02-22T16:22:27.906Z] Checked if tokens are valid: true, expires at: 1771780945800
[debug] [2026-02-22T16:22:27.906Z] Checked if tokens are valid: true, expires at: 1771780945800
[debug] [2026-02-22T16:22:27.907Z] >>> [apiv2][query] GET https://firebase.googleapis.com/v1beta1/projects/finance-20364 [none]
[debug] [2026-02-22T16:22:28.374Z] <<< [apiv2][status] GET https://firebase.googleapis.com/v1beta1/projects/finance-20364 200
[debug] [2026-02-22T16:22:28.374Z] <<< [apiv2][body] GET https://firebase.googleapis.com/v1beta1/projects/finance-20364 {"projectId":"finance-20364","projectNumber":"98956559819","displayName":"finance","name":"projects/finance-20364","resources":{"hostingSite":"finance-20364"},"state":"ACTIVE","etag":"1_308a7914-d53b-4e52-9067-f9b93d9285c6"}
[info] 
[info] === Deploying to 'finance-20364'...
[info] 
[info] i  deploying hosting 
[debug] [2026-02-22T16:23:27.020Z] Checked if tokens are valid: true, expires at: 1771780945800
[debug] [2026-02-22T16:23:27.020Z] Checked if tokens are valid: true, expires at: 1771780945800
[debug] [2026-02-22T16:23:27.021Z] >>> [apiv2][query] POST https://firebasehosting.googleapis.com/v1beta1/projects/-/sites/finance-20364/versions [none]
[debug] [2026-02-22T16:23:27.021Z] >>> [apiv2][body] POST https://firebasehosting.googleapis.com/v1beta1/projects/-/sites/finance-20364/versions {"status":"CREATED","labels":{"deployment-tool":"cli-firebase"}}
[debug] [2026-02-22T16:23:29.393Z] <<< [apiv2][status] POST https://firebasehosting.googleapis.com/v1beta1/projects/-/sites/finance-20364/versions 200
